0 info it worked if it ends with ok
1 verbose cli [ '/Users/leosimmons/.nvm/versions/node/v6.2.0/bin/node',
1 verbose cli   '/Users/leosimmons/.nvm/versions/node/v6.2.0/bin/npm',
1 verbose cli   'run',
1 verbose cli   'dev' ]
2 info using npm@3.8.9
3 info using node@v6.2.0
4 verbose run-script [ 'predev', 'dev', 'postdev' ]
5 info lifecycle counsel-app@~predev: counsel-app@
6 silly lifecycle counsel-app@~predev: no script for predev, continuing
7 info lifecycle counsel-app@~dev: counsel-app@
8 verbose lifecycle counsel-app@~dev: unsafe-perm in lifecycle true
9 verbose lifecycle counsel-app@~dev: PATH: /Users/leosimmons/.nvm/versions/node/v6.2.0/lib/node_modules/npm/bin/node-gyp-bin:/Users/leosimmons/CS/myec2/node_modules/.bin:/Users/leosimmons/.nvm/versions/node/v6.2.0/bin:/Users/leosimmons/.local/bin:/Users/leosimmons/.nvm/versions/node/v6.2.0/bin:/usr/local/lib/dnx/runtimes/dnx-coreclr-darwin-x64.1.0.0-rc1-update1/bin:/Users/leosimmons/.local/bin:/Library/Frameworks/Python.framework/Versions/3.4/bin:/Users/leosimmons/.dnx/bin:/Library/Frameworks/Python.framework/Versions/3.4/bin:/usr/local/bin:/usr/bin:/bin:/usr/sbin:/sbin:/opt/X11/bin
10 verbose lifecycle counsel-app@~dev: CWD: /Users/leosimmons/CS/myec2
11 silly lifecycle counsel-app@~dev: Args: [ '-c', 'NODE_ENV=development nodemon server.js' ]
12 silly lifecycle counsel-app@~dev: Returned: code: 1  signal: null
13 info lifecycle counsel-app@~dev: Failed to exec dev script
14 verbose stack Error: counsel-app@ dev: `NODE_ENV=development nodemon server.js`
14 verbose stack Exit status 1
14 verbose stack     at EventEmitter.<anonymous> (/Users/leosimmons/.nvm/versions/node/v6.2.0/lib/node_modules/npm/lib/utils/lifecycle.js:245:16)
14 verbose stack     at emitTwo (events.js:106:13)
14 verbose stack     at EventEmitter.emit (events.js:191:7)
14 verbose stack     at ChildProcess.<anonymous> (/Users/leosimmons/.nvm/versions/node/v6.2.0/lib/node_modules/npm/lib/utils/spawn.js:24:14)
14 verbose stack     at emitTwo (events.js:106:13)
14 verbose stack     at ChildProcess.emit (events.js:191:7)
14 verbose stack     at maybeClose (internal/child_process.js:850:16)
14 verbose stack     at Process.ChildProcess._handle.onexit (internal/child_process.js:215:5)
15 verbose pkgid counsel-app@
16 verbose cwd /Users/leosimmons/CS/myec2
17 error Darwin 15.6.0
18 error argv "/Users/leosimmons/.nvm/versions/node/v6.2.0/bin/node" "/Users/leosimmons/.nvm/versions/node/v6.2.0/bin/npm" "run" "dev"
19 error node v6.2.0
20 error npm  v3.8.9
21 error code ELIFECYCLE
22 error counsel-app@ dev: `NODE_ENV=development nodemon server.js`
22 error Exit status 1
23 error Failed at the counsel-app@ dev script 'NODE_ENV=development nodemon server.js'.
23 error Make sure you have the latest version of node.js and npm installed.
23 error If you do, this is most likely a problem with the counsel-app package,
23 error not with npm itself.
23 error Tell the author that this fails on your system:
23 error     NODE_ENV=development nodemon server.js
23 error You can get information on how to open an issue for this project with:
23 error     npm bugs counsel-app
23 error Or if that isn't available, you can get their info via:
23 error     npm owner ls counsel-app
23 error There is likely additional logging output above.
24 verbose exit [ 1, true ]
